<?xml version="1.0" encoding="UTF-8"?>
<!-- Generated by org.testng.reporters.JUnitReportReporter -->
<testsuite skipped="0" hostname="Antonina" name="com.brite_erp.tests.smoke_tests.purchase.PageHeaderTest" tests="1" failures="0" timestamp="30 Jan 2019 22:46:08 GMT" time="22.160" errors="0">
  <testcase name="CheckTitle" time="22.160" classname="com.brite_erp.tests.smoke_tests.purchase.PageHeaderTest"/>
</testsuite> <!-- com.brite_erp.tests.smoke_tests.purchase.PageHeaderTest -->
