<?xml version="1.0" encoding="UTF-8"?>
<!-- Generated by org.testng.reporters.JUnitReportReporter -->
<testsuite skipped="0" hostname="Elnurs-MBP.fios-router.home" name="com.brite_erp.tests.smoke_tests.login.PositiveLogInTest" tests="1" failures="0" timestamp="30 Jan 2019 20:23:48 GMT" time="7.872" errors="0">
  <testcase name="positiveLoginTest" time="7.872" classname="com.brite_erp.tests.smoke_tests.login.PositiveLogInTest"/>
</testsuite> <!-- com.brite_erp.tests.smoke_tests.login.PositiveLogInTest -->
