<?xml version="1.0" encoding="UTF-8"?>
<!-- Generated by org.testng.reporters.JUnitReportReporter -->
<testsuite skipped="0" hostname="Antonina" name="com.brite_erp.tests.smoke_tests.login.PositiveLogInTest" tests="1" failures="0" timestamp="30 Jan 2019 20:22:53 GMT" time="20.320" errors="0">
  <testcase name="positiveLoginTest" time="20.320" classname="com.brite_erp.tests.smoke_tests.login.PositiveLogInTest"/>
</testsuite> <!-- com.brite_erp.tests.smoke_tests.login.PositiveLogInTest -->
