<?xml version="1.0" encoding="UTF-8"?>
<!-- Generated by org.testng.reporters.JUnitReportReporter -->
<testsuite skipped="0" hostname="Elnurs-MBP.fios-router.home" name="com.brite_erp.tests.smoke_tests.discuss.AddPrivateChannels" tests="1" failures="0" timestamp="01 Feb 2019 17:54:56 GMT" time="23.651" errors="0">
  <testcase name="checkPrivateChannel" time="23.651" classname="com.brite_erp.tests.smoke_tests.discuss.AddPrivateChannels"/>
</testsuite> <!-- com.brite_erp.tests.smoke_tests.discuss.AddPrivateChannels -->
