<?xml version="1.0" encoding="UTF-8"?>
<!-- Generated by org.testng.reporters.JUnitReportReporter -->
<testsuite skipped="0" hostname="Antonina" name="com.brite_erp.tests.smoke_tests.discuss.AddPrivateChannels" tests="1" failures="0" timestamp="30 Jan 2019 22:46:08 GMT" time="34.314" errors="0">
  <testcase name="checkPrivateChannel" time="34.314" classname="com.brite_erp.tests.smoke_tests.discuss.AddPrivateChannels"/>
</testsuite> <!-- com.brite_erp.tests.smoke_tests.discuss.AddPrivateChannels -->
