<?xml version="1.0" encoding="UTF-8"?>
<!-- Generated by org.testng.reporters.JUnitReportReporter -->
<testsuite skipped="0" hostname="Elnurs-MBP.fios-router.home" name="com.brite_erp.tests.smoke_tests.purchase.PageHeaderTest" tests="2" failures="0" timestamp="01 Feb 2019 17:54:56 GMT" time="40.326" errors="0">
  <testcase name="CheckTitle" time="21.319" classname="com.brite_erp.tests.smoke_tests.purchase.PageHeaderTest"/>
  <testcase name="Purchase_Orders_Title" time="19.007" classname="com.brite_erp.tests.smoke_tests.purchase.PageHeaderTest"/>
</testsuite> <!-- com.brite_erp.tests.smoke_tests.purchase.PageHeaderTest -->
