<?xml version="1.0" encoding="UTF-8"?>
<!-- Generated by org.testng.reporters.JUnitReportReporter -->
<testsuite skipped="0" hostname="Elnurs-MBP.fios-router.home" name="com.brite_erp.tests.smoke_tests.discuss.AddPrivateChannels" tests="1" failures="0" timestamp="30 Jan 2019 20:23:48 GMT" time="27.389" errors="0">
  <testcase name="checkPrivateChannel" time="27.389" classname="com.brite_erp.tests.smoke_tests.discuss.AddPrivateChannels"/>
</testsuite> <!-- com.brite_erp.tests.smoke_tests.discuss.AddPrivateChannels -->
