<?xml version="1.0" encoding="UTF-8"?>
<!-- Generated by org.testng.reporters.JUnitReportReporter -->
<testsuite skipped="0" hostname="Elnurs-MBP.fios-router.home" name="com.brite_erp.tests.smoke_tests.login.PositiveLogInTest" tests="1" failures="0" timestamp="01 Feb 2019 17:54:56 GMT" time="18.518" errors="0">
  <testcase name="positiveLoginTest" time="18.518" classname="com.brite_erp.tests.smoke_tests.login.PositiveLogInTest"/>
</testsuite> <!-- com.brite_erp.tests.smoke_tests.login.PositiveLogInTest -->
